<?xml version="1.0" encoding="UTF-8"?>
<!-- Generated by org.testng.reporters.JUnitXMLReporter -->
<testsuite hostname="ecrnt-100425" ignored="0" name="Assessment Tests" tests="14" failures="3" timestamp="20 Sep 2018 23:59:51 GMT" time="3.134" errors="0">
  <testcase name="sendPostReturns200" time="1.375" classname="alessandra.assignment.waesAssignment.tests.SmokeTests"/>
  <testcase name="sendGetToNotAddedIDReturns404" time="1.375" classname="alessandra.assignment.waesAssignment.tests.SmokeTests"/>
  <testcase name="sendGetToBaseURLReturns200" time="1.375" classname="alessandra.assignment.waesAssignment.tests.SmokeTests"/>
  <testcase name="validateDiffCharsAndLengthReturnForLeftRigthPost" time="0.189" classname="alessandra.assignment.waesAssignment.tests.EndToEndTest"/>
  <testcase name="validateDiffCharsReturnForLeftRigthPost" time="0.157" classname="alessandra.assignment.waesAssignment.tests.EndToEndTest"/>
  <testcase name="validateDiffLengthReturnForLeftRigthPost" time="0.122" classname="alessandra.assignment.waesAssignment.tests.EndToEndTest">
    <failure type="java.lang.AssertionError" message="
Reponse Body: {&amp;quot;detail&amp;quot;:&amp;quot;Values are different on char(s) [2] [6].&amp;quot;,&amp;quot;type&amp;quot;:&amp;quot;DIFFERENT_CHARS&amp;quot;} expected [{&amp;quot;type&amp;quot;:&amp;quot;DIFFERENT_LENGTH&amp;quot;}] but found [{&amp;quot;detail&amp;quot;:&amp;quot;Values are different on char(s) [2] [6].&amp;quot;,&amp;quot;type&amp;quot;:&amp;quot;DIFFERENT_CHARS&amp;quot;}]">
      <![CDATA[java.lang.AssertionError: 
Reponse Body: {"detail":"Values are different on char(s) [2] [6].","type":"DIFFERENT_CHARS"} expected [{"type":"DIFFERENT_LENGTH"}] but found [{"detail":"Values are different on char(s) [2] [6].","type":"DIFFERENT_CHARS"}]
at alessandra.assignment.waesAssignment.tests.EndToEndTest.validateDiffLengthReturnForLeftRigthPost(EndToEndTest.java:128)
at java.util.concurrent.ThreadPoolExecutor.runWorker(ThreadPoolExecutor.java:1149)
at java.util.concurrent.ThreadPoolExecutor$Worker.run(ThreadPoolExecutor.java:624)
at java.lang.Thread.run(Thread.java:748)
... Removed 15 stack frames]]>
    </failure>
  </testcase> <!-- validateDiffLengthReturnForLeftRigthPost -->
  <testcase name="validateGetIdNotInitializedResponseMessage" time="0.104" classname="alessandra.assignment.waesAssignment.tests.ErrorMessages"/>
  <testcase name="validateEqualReturnForLeftRigthPost" time="0.289" classname="alessandra.assignment.waesAssignment.tests.EndToEndTest"/>
  <testcase name="validateGetNullLeft" time="0.206" classname="alessandra.assignment.waesAssignment.tests.ErrorMessages">
    <failure type="java.lang.AssertionError" message="expected [{&amp;quot;detail&amp;quot;:&amp;quot;Left side contains no value.&amp;quot;,&amp;quot;type&amp;quot;:&amp;quot;DIFFERENT_LENGTH&amp;quot;}] but found [{&amp;quot;type&amp;quot;:&amp;quot;EQUAL&amp;quot;}]">
      <![CDATA[java.lang.AssertionError: expected [{"detail":"Left side contains no value.","type":"DIFFERENT_LENGTH"}] but found [{"type":"EQUAL"}]
at alessandra.assignment.waesAssignment.tests.ErrorMessages.validateGetNullLeft(ErrorMessages.java:227)
at java.util.concurrent.ThreadPoolExecutor.runWorker(ThreadPoolExecutor.java:1149)
at java.util.concurrent.ThreadPoolExecutor$Worker.run(ThreadPoolExecutor.java:624)
at java.lang.Thread.run(Thread.java:748)
... Removed 16 stack frames]]>
    </failure>
  </testcase> <!-- validateGetNullLeft -->
  <testcase name="validateGetNullRight" time="0.123" classname="alessandra.assignment.waesAssignment.tests.ErrorMessages">
    <failure type="java.lang.RuntimeException" message=" HTTP error code : 204">
      <![CDATA[java.lang.RuntimeException:  HTTP error code : 204
at alessandra.assignment.waesAssignment.pageobjects.ApiControlerGet.sendGetMothodForJsonResponse(ApiControlerGet.java:83)
at alessandra.assignment.waesAssignment.tests.ErrorMessages.validateGetNullRight(ErrorMessages.java:177)
at java.util.concurrent.ThreadPoolExecutor.runWorker(ThreadPoolExecutor.java:1149)
at java.util.concurrent.ThreadPoolExecutor$Worker.run(ThreadPoolExecutor.java:624)
at java.lang.Thread.run(Thread.java:748)
... Removed 10 stack frames]]>
    </failure>
  </testcase> <!-- validateGetNullRight -->
  <testcase name="validatePostNotOnJsonFormatResponseCode" time="0.036" classname="alessandra.assignment.waesAssignment.tests.ErrorMessages"/>
  <testcase name="validatePostDataNotInBase64Response" time="0.222" classname="alessandra.assignment.waesAssignment.tests.ErrorMessages"/>
  <testcase name="validatePostEmptyBody400message" time="0.118" classname="alessandra.assignment.waesAssignment.tests.ErrorMessages"/>
  <testcase name="validatePostSideNotSupported501message" time="0.164" classname="alessandra.assignment.waesAssignment.tests.ErrorMessages"/>
</testsuite> <!-- Assessment Tests -->
