<html>
<head>
<title>TestNG:  Assessment Tests</title>
<link href="../testng.css" rel="stylesheet" type="text/css" />
<link href="../my-testng.css" rel="stylesheet" type="text/css" />

<style type="text/css">
.log { display: none;} 
.stack-trace { display: none;} 
</style>
<script type="text/javascript">
<!--
function flip(e) {
  current = e.style.display;
  if (current == 'block') {
    e.style.display = 'none';
    return 0;
  }
  else {
    e.style.display = 'block';
    return 1;
  }
}

function toggleBox(szDivId, elem, msg1, msg2)
{
  var res = -1;  if (document.getElementById) {
    res = flip(document.getElementById(szDivId));
  }
  else if (document.all) {
    // this is the way old msie versions work
    res = flip(document.all[szDivId]);
  }
  if(elem) {
    if(res == 0) elem.innerHTML = msg1; else elem.innerHTML = msg2;
  }

}

function toggleAllBoxes() {
  if (document.getElementsByTagName) {
    d = document.getElementsByTagName('div');
    for (i = 0; i < d.length; i++) {
      if (d[i].className == 'log') {
        flip(d[i]);
      }
    }
  }
}

// -->
</script>

</head>
<body>
<h2 align='center'>Assessment Tests</h2><table border='1' align="center">
<tr>
<td>Tests passed/Failed/Skipped:</td><td>11/3/0</td>
</tr><tr>
<td>Started on:</td><td>Thu Sep 20 20:59:48 BRT 2018</td>
</tr>
<tr><td>Total time:</td><td>3 seconds (3134 ms)</td>
</tr><tr>
<td>Included groups:</td><td></td>
</tr><tr>
<td>Excluded groups:</td><td></td>
</tr>
</table><p/>
<small><i>(Hover the method name to see the test class name)</i></small><p/>
<table width='100%' border='1' class='invocation-failed'>
<tr><td colspan='4' align='center'><b>FAILED TESTS</b></td></tr>
<tr><td><b>Test method</b></td>
<td width="30%"><b>Exception</b></td>
<td width="10%"><b>Time (seconds)</b></td>
<td><b>Instance</b></td>
</tr>
<tr>
<td title='alessandra.assignment.waesAssignment.tests.EndToEndTest.validateDiffLengthReturnForLeftRigthPost()'><b>validateDiffLengthReturnForLeftRigthPost</b><br>Test class: alessandra.assignment.waesAssignment.tests.EndToEndTest<br>Test method: Will send two post methods with left and right values anda validate the json returned is DIFFERENT_LENGTH</td>
<td><div><pre>java.lang.AssertionError: 
Reponse Body: {&quot;detail&quot;:&quot;Values are different on char(s) [2] [6].&quot;,&quot;type&quot;:&quot;DIFFERENT_CHARS&quot;} expected [{&quot;type&quot;:&quot;DIFFERENT_LENGTH&quot;}] but found [{&quot;detail&quot;:&quot;Values are different on char(s) [2] [6].&quot;,&quot;type&quot;:&quot;DIFFERENT_CHARS&quot;}]
	at alessandra.assignment.waesAssignment.tests.EndToEndTest.validateDiffLengthReturnForLeftRigthPost(EndToEndTest.java:128)
	at java.util.concurrent.ThreadPoolExecutor.runWorker(ThreadPoolExecutor.java:1149)
	at java.util.concurrent.ThreadPoolExecutor$Worker.run(ThreadPoolExecutor.java:624)
	at java.lang.Thread.run(Thread.java:748)
... Removed 15 stack frames</pre></div><a href='#' onClick='toggleBox("stack-trace4596544", this, "Click to show all stack frames", "Click to hide stack frames")'>Click to show all stack frames</a>
<div class='stack-trace' id='stack-trace4596544'><pre>java.lang.AssertionError: 
Reponse Body: {&quot;detail&quot;:&quot;Values are different on char(s) [2] [6].&quot;,&quot;type&quot;:&quot;DIFFERENT_CHARS&quot;} expected [{&quot;type&quot;:&quot;DIFFERENT_LENGTH&quot;}] but found [{&quot;detail&quot;:&quot;Values are different on char(s) [2] [6].&quot;,&quot;type&quot;:&quot;DIFFERENT_CHARS&quot;}]
	at org.testng.Assert.fail(Assert.java:96)
	at org.testng.Assert.failNotEquals(Assert.java:776)
	at org.testng.Assert.assertEqualsImpl(Assert.java:137)
	at org.testng.Assert.assertEquals(Assert.java:118)
	at org.testng.Assert.assertEquals(Assert.java:453)
	at alessandra.assignment.waesAssignment.tests.EndToEndTest.validateDiffLengthReturnForLeftRigthPost(EndToEndTest.java:128)
	at sun.reflect.NativeMethodAccessorImpl.invoke0(Native Method)
	at sun.reflect.NativeMethodAccessorImpl.invoke(NativeMethodAccessorImpl.java:62)
	at sun.reflect.DelegatingMethodAccessorImpl.invoke(DelegatingMethodAccessorImpl.java:43)
	at java.lang.reflect.Method.invoke(Method.java:498)
	at org.testng.internal.MethodInvocationHelper.invokeMethod(MethodInvocationHelper.java:124)
	at org.testng.internal.Invoker.invokeMethod(Invoker.java:583)
	at org.testng.internal.Invoker.invokeTestMethod(Invoker.java:719)
	at org.testng.internal.Invoker.invokeTestMethods(Invoker.java:989)
	at org.testng.internal.TestMethodWorker.invokeTestMethods(TestMethodWorker.java:125)
	at org.testng.internal.TestMethodWorker.run(TestMethodWorker.java:109)
	at java.util.concurrent.ThreadPoolExecutor.runWorker(ThreadPoolExecutor.java:1149)
	at java.util.concurrent.ThreadPoolExecutor$Worker.run(ThreadPoolExecutor.java:624)
	at java.lang.Thread.run(Thread.java:748)
</pre></div></td>
<td>0</td>
<td>alessandra.assignment.waesAssignment.tests.EndToEndTest@f8360d</td></tr>
<tr>
<td title='alessandra.assignment.waesAssignment.tests.ErrorMessages.validateGetNullLeft()'><b>validateGetNullLeft</b><br>Test class: alessandra.assignment.waesAssignment.tests.ErrorMessages<br>Test method: Will send a GET method to the id with just right side with value and validate the reurned message: Left side contains no value.</td>
<td><div><pre>java.lang.AssertionError: expected [{&quot;detail&quot;:&quot;Left side contains no value.&quot;,&quot;type&quot;:&quot;DIFFERENT_LENGTH&quot;}] but found [{&quot;type&quot;:&quot;EQUAL&quot;}]
	at alessandra.assignment.waesAssignment.tests.ErrorMessages.validateGetNullLeft(ErrorMessages.java:227)
	at java.util.concurrent.ThreadPoolExecutor.runWorker(ThreadPoolExecutor.java:1149)
	at java.util.concurrent.ThreadPoolExecutor$Worker.run(ThreadPoolExecutor.java:624)
	at java.lang.Thread.run(Thread.java:748)
... Removed 16 stack frames</pre></div><a href='#' onClick='toggleBox("stack-trace19812202", this, "Click to show all stack frames", "Click to hide stack frames")'>Click to show all stack frames</a>
<div class='stack-trace' id='stack-trace19812202'><pre>java.lang.AssertionError: expected [{&quot;detail&quot;:&quot;Left side contains no value.&quot;,&quot;type&quot;:&quot;DIFFERENT_LENGTH&quot;}] but found [{&quot;type&quot;:&quot;EQUAL&quot;}]
	at org.testng.Assert.fail(Assert.java:96)
	at org.testng.Assert.failNotEquals(Assert.java:776)
	at org.testng.Assert.assertEqualsImpl(Assert.java:137)
	at org.testng.Assert.assertEquals(Assert.java:118)
	at org.testng.Assert.assertEquals(Assert.java:453)
	at org.testng.Assert.assertEquals(Assert.java:463)
	at alessandra.assignment.waesAssignment.tests.ErrorMessages.validateGetNullLeft(ErrorMessages.java:227)
	at sun.reflect.NativeMethodAccessorImpl.invoke0(Native Method)
	at sun.reflect.NativeMethodAccessorImpl.invoke(NativeMethodAccessorImpl.java:62)
	at sun.reflect.DelegatingMethodAccessorImpl.invoke(DelegatingMethodAccessorImpl.java:43)
	at java.lang.reflect.Method.invoke(Method.java:498)
	at org.testng.internal.MethodInvocationHelper.invokeMethod(MethodInvocationHelper.java:124)
	at org.testng.internal.Invoker.invokeMethod(Invoker.java:583)
	at org.testng.internal.Invoker.invokeTestMethod(Invoker.java:719)
	at org.testng.internal.Invoker.invokeTestMethods(Invoker.java:989)
	at org.testng.internal.TestMethodWorker.invokeTestMethods(TestMethodWorker.java:125)
	at org.testng.internal.TestMethodWorker.run(TestMethodWorker.java:109)
	at java.util.concurrent.ThreadPoolExecutor.runWorker(ThreadPoolExecutor.java:1149)
	at java.util.concurrent.ThreadPoolExecutor$Worker.run(ThreadPoolExecutor.java:624)
	at java.lang.Thread.run(Thread.java:748)
</pre></div></td>
<td>0</td>
<td>alessandra.assignment.waesAssignment.tests.ErrorMessages@b4c3ab</td></tr>
<tr>
<td title='alessandra.assignment.waesAssignment.tests.ErrorMessages.validateGetNullRight()'><b>validateGetNullRight</b><br>Test class: alessandra.assignment.waesAssignment.tests.ErrorMessages<br>Test method: Will send a GET method to the id with just left side with elementand validate the reurned message: Right side contains no value.</td>
<td><div><pre>java.lang.RuntimeException:  HTTP error code : 204
	at alessandra.assignment.waesAssignment.pageobjects.ApiControlerGet.sendGetMothodForJsonResponse(ApiControlerGet.java:83)
	at alessandra.assignment.waesAssignment.tests.ErrorMessages.validateGetNullRight(ErrorMessages.java:177)
	at java.util.concurrent.ThreadPoolExecutor.runWorker(ThreadPoolExecutor.java:1149)
	at java.util.concurrent.ThreadPoolExecutor$Worker.run(ThreadPoolExecutor.java:624)
	at java.lang.Thread.run(Thread.java:748)
... Removed 10 stack frames</pre></div><a href='#' onClick='toggleBox("stack-trace26829561", this, "Click to show all stack frames", "Click to hide stack frames")'>Click to show all stack frames</a>
<div class='stack-trace' id='stack-trace26829561'><pre>java.lang.RuntimeException:  HTTP error code : 204
	at alessandra.assignment.waesAssignment.pageobjects.ApiControlerGet.sendGetMothodForJsonResponse(ApiControlerGet.java:83)
	at alessandra.assignment.waesAssignment.tests.ErrorMessages.validateGetNullRight(ErrorMessages.java:177)
	at sun.reflect.NativeMethodAccessorImpl.invoke0(Native Method)
	at sun.reflect.NativeMethodAccessorImpl.invoke(NativeMethodAccessorImpl.java:62)
	at sun.reflect.DelegatingMethodAccessorImpl.invoke(DelegatingMethodAccessorImpl.java:43)
	at java.lang.reflect.Method.invoke(Method.java:498)
	at org.testng.internal.MethodInvocationHelper.invokeMethod(MethodInvocationHelper.java:124)
	at org.testng.internal.Invoker.invokeMethod(Invoker.java:583)
	at org.testng.internal.Invoker.invokeTestMethod(Invoker.java:719)
	at org.testng.internal.Invoker.invokeTestMethods(Invoker.java:989)
	at org.testng.internal.TestMethodWorker.invokeTestMethods(TestMethodWorker.java:125)
	at org.testng.internal.TestMethodWorker.run(TestMethodWorker.java:109)
	at java.util.concurrent.ThreadPoolExecutor.runWorker(ThreadPoolExecutor.java:1149)
	at java.util.concurrent.ThreadPoolExecutor$Worker.run(ThreadPoolExecutor.java:624)
	at java.lang.Thread.run(Thread.java:748)
</pre></div></td>
<td>0</td>
<td>alessandra.assignment.waesAssignment.tests.ErrorMessages@b4c3ab</td></tr>
</table><p>
<table width='100%' border='1' class='invocation-passed'>
<tr><td colspan='4' align='center'><b>PASSED TESTS</b></td></tr>
<tr><td><b>Test method</b></td>
<td width="30%"><b>Exception</b></td>
<td width="10%"><b>Time (seconds)</b></td>
<td><b>Instance</b></td>
</tr>
<tr>
<td title='alessandra.assignment.waesAssignment.tests.SmokeTests.sendGetToBaseURLReturns200()'><b>sendGetToBaseURLReturns200</b><br>Test class: alessandra.assignment.waesAssignment.tests.SmokeTests<br>Test method: Will send a GET method to /diff method and validate 200 code returned</td>
<td></td>
<td>1</td>
<td>alessandra.assignment.waesAssignment.tests.SmokeTests@1dc03ce</td></tr>
<tr>
<td title='alessandra.assignment.waesAssignment.tests.SmokeTests.sendGetToNotAddedIDReturns404()'><b>sendGetToNotAddedIDReturns404</b><br>Test class: alessandra.assignment.waesAssignment.tests.SmokeTests<br>Test method: Will send a GET method to /diff method and validate 404 code returned</td>
<td></td>
<td>1</td>
<td>alessandra.assignment.waesAssignment.tests.SmokeTests@1dc03ce</td></tr>
<tr>
<td title='alessandra.assignment.waesAssignment.tests.SmokeTests.sendPostReturns200()'><b>sendPostReturns200</b><br>Test class: alessandra.assignment.waesAssignment.tests.SmokeTests<br>Test method: Will send a POST method with id, side and value, expecting a 200 code on response</td>
<td></td>
<td>1</td>
<td>alessandra.assignment.waesAssignment.tests.SmokeTests@1dc03ce</td></tr>
<tr>
<td title='alessandra.assignment.waesAssignment.tests.EndToEndTest.validateDiffCharsAndLengthReturnForLeftRigthPost()'><b>validateDiffCharsAndLengthReturnForLeftRigthPost</b><br>Test class: alessandra.assignment.waesAssignment.tests.EndToEndTest<br>Test method: Will send two post methods with left and right values anda validate the json returned to DIFFERENT_LENGTH</td>
<td></td>
<td>0</td>
<td>alessandra.assignment.waesAssignment.tests.EndToEndTest@f8360d</td></tr>
<tr>
<td title='alessandra.assignment.waesAssignment.tests.EndToEndTest.validateDiffCharsReturnForLeftRigthPost()'><b>validateDiffCharsReturnForLeftRigthPost</b><br>Test class: alessandra.assignment.waesAssignment.tests.EndToEndTest<br>Test method: Will send two post methods with left and right values anda validate the json returned to DIFFERENT_CHARS</td>
<td></td>
<td>0</td>
<td>alessandra.assignment.waesAssignment.tests.EndToEndTest@f8360d</td></tr>
<tr>
<td title='alessandra.assignment.waesAssignment.tests.EndToEndTest.validateEqualReturnForLeftRigthPost()'><b>validateEqualReturnForLeftRigthPost</b><br>Test class: alessandra.assignment.waesAssignment.tests.EndToEndTest<br>Test method: Will send two post methods with left and right values anda validate the json returned to EQUAL</td>
<td></td>
<td>0</td>
<td>alessandra.assignment.waesAssignment.tests.EndToEndTest@f8360d</td></tr>
<tr>
<td title='alessandra.assignment.waesAssignment.tests.ErrorMessages.validateGetIdNotInitializedResponseMessage()'><b>validateGetIdNotInitializedResponseMessage</b><br>Test class: alessandra.assignment.waesAssignment.tests.ErrorMessages<br>Test method: Will send a GET method to /diff with a non added ID and validate the returned message to: ID id not initialized.</td>
<td></td>
<td>0</td>
<td>alessandra.assignment.waesAssignment.tests.ErrorMessages@b4c3ab</td></tr>
<tr>
<td title='alessandra.assignment.waesAssignment.tests.ErrorMessages.validatePostDataNotInBase64Response()'><b>validatePostDataNotInBase64Response</b><br>Test class: alessandra.assignment.waesAssignment.tests.ErrorMessages<br>Test method: Will send a GET method to /diff with a non base 64 body returned message: Data in body not Base64 formatted.</td>
<td></td>
<td>0</td>
<td>alessandra.assignment.waesAssignment.tests.ErrorMessages@b4c3ab</td></tr>
<tr>
<td title='alessandra.assignment.waesAssignment.tests.ErrorMessages.validatePostEmptyBody400message()'><b>validatePostEmptyBody400message</b><br>Test class: alessandra.assignment.waesAssignment.tests.ErrorMessages<br>Test method: Will send a POST method to with an empty body and validate the returned message. Error code expected is 400. </td>
<td></td>
<td>0</td>
<td>alessandra.assignment.waesAssignment.tests.ErrorMessages@b4c3ab</td></tr>
<tr>
<td title='alessandra.assignment.waesAssignment.tests.ErrorMessages.validatePostNotOnJsonFormatResponseCode()'><b>validatePostNotOnJsonFormatResponseCode</b><br>Test class: alessandra.assignment.waesAssignment.tests.ErrorMessages<br>Test method: Will send a Post method to /diff method and validate 415 code returned</td>
<td></td>
<td>0</td>
<td>alessandra.assignment.waesAssignment.tests.ErrorMessages@b4c3ab</td></tr>
<tr>
<td title='alessandra.assignment.waesAssignment.tests.ErrorMessages.validatePostSideNotSupported501message()'><b>validatePostSideNotSupported501message</b><br>Test class: alessandra.assignment.waesAssignment.tests.ErrorMessages<br>Test method: Will send a POST method with an side parameter as up and validate the returned message. Error code expected is 501. </td>
<td></td>
<td>0</td>
<td>alessandra.assignment.waesAssignment.tests.ErrorMessages@b4c3ab</td></tr>
</table><p>
</body>
</html>