<?xml version="1.0" encoding="UTF-8"?>
<!-- Generated by org.testng.reporters.JUnitReportReporter -->
<testsuite skipped="0" hostname="ecrnt-100425" name="alessandra.assignment.waesAssignment.tests.ErrorMessages" tests="7" failures="0" timestamp="20 Sep 2018 23:03:55 GMT" time="1.565" errors="1">
  <testcase name="validateGetIdNotInitializedResponseMessage" time="0.253" classname="alessandra.assignment.waesAssignment.tests.ErrorMessages"/>
  <testcase name="validateGetNullLeft" time="0.353" classname="alessandra.assignment.waesAssignment.tests.ErrorMessages"/>
  <testcase name="validateGetNullRight" time="0.291" classname="alessandra.assignment.waesAssignment.tests.ErrorMessages">
    <error type="java.lang.RuntimeException" message=" HTTP error code : 204">
      <![CDATA[java.lang.RuntimeException:  HTTP error code : 204
at alessandra.assignment.waesAssignment.pageobjects.ApiControlerGet.sendGetMothodForJsonResponse(ApiControlerGet.java:83)
at alessandra.assignment.waesAssignment.tests.ErrorMessages.validateGetNullRight(ErrorMessages.java:177)
at sun.reflect.NativeMethodAccessorImpl.invoke0(Native Method)
at sun.reflect.NativeMethodAccessorImpl.invoke(Unknown Source)
at sun.reflect.DelegatingMethodAccessorImpl.invoke(Unknown Source)
at java.lang.reflect.Method.invoke(Unknown Source)
at org.testng.internal.MethodInvocationHelper.invokeMethod(MethodInvocationHelper.java:124)
at org.testng.internal.Invoker.invokeMethod(Invoker.java:583)
at org.testng.internal.Invoker.invokeTestMethod(Invoker.java:719)
at org.testng.internal.Invoker.invokeTestMethods(Invoker.java:989)
at org.testng.internal.TestMethodWorker.invokeTestMethods(TestMethodWorker.java:125)
at org.testng.internal.TestMethodWorker.run(TestMethodWorker.java:109)
at java.util.concurrent.ThreadPoolExecutor.runWorker(Unknown Source)
at java.util.concurrent.ThreadPoolExecutor$Worker.run(Unknown Source)
at java.lang.Thread.run(Unknown Source)
]]>
    </error>
  </testcase> <!-- validateGetNullRight -->
  <testcase name="validatePostSideNotSupported501message" time="0.120" classname="alessandra.assignment.waesAssignment.tests.ErrorMessages"/>
  <testcase name="validatePostNotOnJsonFormatResponseCode" time="0.166" classname="alessandra.assignment.waesAssignment.tests.ErrorMessages"/>
  <testcase name="validatePostDataNotInBase64Response" time="0.143" classname="alessandra.assignment.waesAssignment.tests.ErrorMessages"/>
  <testcase name="validatePostEmptyBody400message" time="0.239" classname="alessandra.assignment.waesAssignment.tests.ErrorMessages"/>
</testsuite> <!-- alessandra.assignment.waesAssignment.tests.ErrorMessages -->
