<?xml version="1.0" encoding="UTF-8"?>
<!-- Generated by org.testng.reporters.JUnitReportReporter -->
<testsuite skipped="0" hostname="ecrnt-100425" name="alessandra.assignment.waesAssignment.tests.ErrorMessages" tests="7" failures="1" timestamp="20 Sep 2018 23:59:51 GMT" time="0.973" errors="1">
  <testcase name="validateGetNullRight" time="0.123" classname="alessandra.assignment.waesAssignment.tests.ErrorMessages">
    <error type="java.lang.RuntimeException" message=" HTTP error code : 204">
      <![CDATA[java.lang.RuntimeException:  HTTP error code : 204
at alessandra.assignment.waesAssignment.pageobjects.ApiControlerGet.sendGetMothodForJsonResponse(ApiControlerGet.java:83)
at alessandra.assignment.waesAssignment.tests.ErrorMessages.validateGetNullRight(ErrorMessages.java:177)
at sun.reflect.NativeMethodAccessorImpl.invoke0(Native Method)
at sun.reflect.NativeMethodAccessorImpl.invoke(NativeMethodAccessorImpl.java:62)
at sun.reflect.DelegatingMethodAccessorImpl.invoke(DelegatingMethodAccessorImpl.java:43)
at java.lang.reflect.Method.invoke(Method.java:498)
at org.testng.internal.MethodInvocationHelper.invokeMethod(MethodInvocationHelper.java:124)
at org.testng.internal.Invoker.invokeMethod(Invoker.java:583)
at org.testng.internal.Invoker.invokeTestMethod(Invoker.java:719)
at org.testng.internal.Invoker.invokeTestMethods(Invoker.java:989)
at org.testng.internal.TestMethodWorker.invokeTestMethods(TestMethodWorker.java:125)
at org.testng.internal.TestMethodWorker.run(TestMethodWorker.java:109)
at java.util.concurrent.ThreadPoolExecutor.runWorker(ThreadPoolExecutor.java:1149)
at java.util.concurrent.ThreadPoolExecutor$Worker.run(ThreadPoolExecutor.java:624)
at java.lang.Thread.run(Thread.java:748)
]]>
    </error>
  </testcase> <!-- validateGetNullRight -->
  <testcase name="validatePostEmptyBody400message" time="0.118" classname="alessandra.assignment.waesAssignment.tests.ErrorMessages"/>
  <testcase name="validatePostSideNotSupported501message" time="0.164" classname="alessandra.assignment.waesAssignment.tests.ErrorMessages"/>
  <testcase name="validatePostNotOnJsonFormatResponseCode" time="0.036" classname="alessandra.assignment.waesAssignment.tests.ErrorMessages"/>
  <testcase name="validateGetNullLeft" time="0.206" classname="alessandra.assignment.waesAssignment.tests.ErrorMessages">
    <failure type="java.lang.AssertionError" message="expected [{&quot;detail&quot;:&quot;Left side contains no value.&quot;,&quot;type&quot;:&quot;DIFFERENT_LENGTH&quot;}] but found [{&quot;type&quot;:&quot;EQUAL&quot;}]">
      <![CDATA[java.lang.AssertionError: expected [{"detail":"Left side contains no value.","type":"DIFFERENT_LENGTH"}] but found [{"type":"EQUAL"}]
at org.testng.Assert.fail(Assert.java:96)
at org.testng.Assert.failNotEquals(Assert.java:776)
at org.testng.Assert.assertEqualsImpl(Assert.java:137)
at org.testng.Assert.assertEquals(Assert.java:118)
at org.testng.Assert.assertEquals(Assert.java:453)
at org.testng.Assert.assertEquals(Assert.java:463)
at alessandra.assignment.waesAssignment.tests.ErrorMessages.validateGetNullLeft(ErrorMessages.java:227)
at sun.reflect.NativeMethodAccessorImpl.invoke0(Native Method)
at sun.reflect.NativeMethodAccessorImpl.invoke(NativeMethodAccessorImpl.java:62)
at sun.reflect.DelegatingMethodAccessorImpl.invoke(DelegatingMethodAccessorImpl.java:43)
at java.lang.reflect.Method.invoke(Method.java:498)
at org.testng.internal.MethodInvocationHelper.invokeMethod(MethodInvocationHelper.java:124)
at org.testng.internal.Invoker.invokeMethod(Invoker.java:583)
at org.testng.internal.Invoker.invokeTestMethod(Invoker.java:719)
at org.testng.internal.Invoker.invokeTestMethods(Invoker.java:989)
at org.testng.internal.TestMethodWorker.invokeTestMethods(TestMethodWorker.java:125)
at org.testng.internal.TestMethodWorker.run(TestMethodWorker.java:109)
at java.util.concurrent.ThreadPoolExecutor.runWorker(ThreadPoolExecutor.java:1149)
at java.util.concurrent.ThreadPoolExecutor$Worker.run(ThreadPoolExecutor.java:624)
at java.lang.Thread.run(Thread.java:748)
]]>
    </failure>
  </testcase> <!-- validateGetNullLeft -->
  <testcase name="validateGetIdNotInitializedResponseMessage" time="0.104" classname="alessandra.assignment.waesAssignment.tests.ErrorMessages"/>
  <testcase name="validatePostDataNotInBase64Response" time="0.222" classname="alessandra.assignment.waesAssignment.tests.ErrorMessages"/>
</testsuite> <!-- alessandra.assignment.waesAssignment.tests.ErrorMessages -->
