<?xml version="1.0" encoding="UTF-8"?>
<!-- Generated by org.testng.reporters.JUnitReportReporter -->
<testsuite skipped="0" hostname="ecrnt-100425" name="alessandra.assignment.waesAssignment.tests.EndToEndTest" tests="4" failures="1" timestamp="20 Sep 2018 23:59:51 GMT" time="0.757" errors="0">
  <testcase name="validateDiffCharsAndLengthReturnForLeftRigthPost" time="0.189" classname="alessandra.assignment.waesAssignment.tests.EndToEndTest"/>
  <testcase name="validateEqualReturnForLeftRigthPost" time="0.289" classname="alessandra.assignment.waesAssignment.tests.EndToEndTest"/>
  <testcase name="validateDiffLengthReturnForLeftRigthPost" time="0.122" classname="alessandra.assignment.waesAssignment.tests.EndToEndTest">
    <failure type="java.lang.AssertionError" message="
Reponse Body: {&quot;detail&quot;:&quot;Values are different on char(s) [2] [6].&quot;,&quot;type&quot;:&quot;DIFFERENT_CHARS&quot;} expected [{&quot;type&quot;:&quot;DIFFERENT_LENGTH&quot;}] but found [{&quot;detail&quot;:&quot;Values are different on char(s) [2] [6].&quot;,&quot;type&quot;:&quot;DIFFERENT_CHARS&quot;}]">
      <![CDATA[java.lang.AssertionError: 
Reponse Body: {"detail":"Values are different on char(s) [2] [6].","type":"DIFFERENT_CHARS"} expected [{"type":"DIFFERENT_LENGTH"}] but found [{"detail":"Values are different on char(s) [2] [6].","type":"DIFFERENT_CHARS"}]
at org.testng.Assert.fail(Assert.java:96)
at org.testng.Assert.failNotEquals(Assert.java:776)
at org.testng.Assert.assertEqualsImpl(Assert.java:137)
at org.testng.Assert.assertEquals(Assert.java:118)
at org.testng.Assert.assertEquals(Assert.java:453)
at alessandra.assignment.waesAssignment.tests.EndToEndTest.validateDiffLengthReturnForLeftRigthPost(EndToEndTest.java:128)
at sun.reflect.NativeMethodAccessorImpl.invoke0(Native Method)
at sun.reflect.NativeMethodAccessorImpl.invoke(NativeMethodAccessorImpl.java:62)
at sun.reflect.DelegatingMethodAccessorImpl.invoke(DelegatingMethodAccessorImpl.java:43)
at java.lang.reflect.Method.invoke(Method.java:498)
at org.testng.internal.MethodInvocationHelper.invokeMethod(MethodInvocationHelper.java:124)
at org.testng.internal.Invoker.invokeMethod(Invoker.java:583)
at org.testng.internal.Invoker.invokeTestMethod(Invoker.java:719)
at org.testng.internal.Invoker.invokeTestMethods(Invoker.java:989)
at org.testng.internal.TestMethodWorker.invokeTestMethods(TestMethodWorker.java:125)
at org.testng.internal.TestMethodWorker.run(TestMethodWorker.java:109)
at java.util.concurrent.ThreadPoolExecutor.runWorker(ThreadPoolExecutor.java:1149)
at java.util.concurrent.ThreadPoolExecutor$Worker.run(ThreadPoolExecutor.java:624)
at java.lang.Thread.run(Thread.java:748)
]]>
    </failure>
  </testcase> <!-- validateDiffLengthReturnForLeftRigthPost -->
  <testcase name="validateDiffCharsReturnForLeftRigthPost" time="0.157" classname="alessandra.assignment.waesAssignment.tests.EndToEndTest"/>
</testsuite> <!-- alessandra.assignment.waesAssignment.tests.EndToEndTest -->
